生成启动时间为 2014/6/22 22:33:16。
     1>项目“C:\Users\a\Desktop\李创建\HustBase.vcxproj”在节点 2 上(Build 个目标)。
     1>ClCompile:
         C:\Program Files (x86)\Microsoft Visual Studio 12.0\VC\bin\CL.exe /c /ZI /nologo /W2 /WX- /Od /Oy- /D WIN32 /D _DEBUG /D _WINDOWS /D _VC80_UPGRADE=0x0600 /D _MBCS /D _AFXDLL /Gm /EHsc /RTC1 /MDd /GS /Gy- /fp:precise /Zc:wchar_t /Zc:forScope /Yu"stdafx.h" /Fp".\Debug\HustBase.pch" /Fo".\Debug\\" /Fd".\Debug\vc120.pdb" /FR".\Debug\\" /Gd /TP /analyze- /errorReport:prompt /D "_CRT_SECURE_NO_DEPRECATE" SYS_Manager.cpp
         SYS_Manager.cpp
       Link:
         C:\Program Files (x86)\Microsoft Visual Studio 12.0\VC\bin\link.exe /ERRORREPORT:PROMPT /OUT:".\Debug\HustBase.exe" /INCREMENTAL /NOLOGO /MANIFEST /MANIFESTUAC:"level='asInvoker' uiAccess='false'" /manifest:embed /manifestinput:"C:\Program Files (x86)\Microsoft Visual Studio 12.0\VC\Include\Manifest\dpiaware.manifest" /DEBUG /PDB:".\Debug\HustBase.pdb" /SUBSYSTEM:WINDOWS /TLBID:1 /DYNAMICBASE /NXCOMPAT /IMPLIB:".\Debug\HustBase.lib" /MACHINE:X86 /SAFESEH .\Debug\HustBase.res
         .\Debug\EditArea.obj
         .\Debug\HustBase.obj
         .\Debug\HustBaseDoc.obj
         .\Debug\HustBaseView.obj
         .\Debug\IX_Manager.obj
         .\Debug\MainFrm.obj
         .\Debug\PF_Manager.obj
         .\Debug\RM_Manager.obj
         .\Debug\StdAfx.obj
         .\Debug\SYS_Manager.obj
         .\Debug\TableList.obj
         .\Debug\TreeList.obj
         hustbase_sql.lib
         HustBase.vcxproj -> C:\Users\a\Desktop\李创建\.\Debug\HustBase.exe
       BscMake:
         C:\Program Files (x86)\Microsoft Visual Studio 12.0\VC\bin\bscmake.exe /nologo /o".\Debug\HustBase.bsc" .\Debug\EditArea.sbr .\Debug\HustBase.sbr .\Debug\HustBaseDoc.sbr .\Debug\HustBaseView.sbr .\Debug\IX_Manager.sbr .\Debug\MainFrm.sbr .\Debug\PF_Manager.sbr .\Debug\RM_Manager.sbr .\Debug\StdAfx.sbr .\Debug\SYS_Manager.sbr .\Debug\TableList.sbr .\Debug\TreeList.sbr
     1>已完成生成项目“C:\Users\a\Desktop\李创建\HustBase.vcxproj”(Build 个目标)的操作。

生成成功。

已用时间 00:00:10.24
